mode: atomic
todolist-api/internal/logging/logger.go:28.51,33.16 3 10
todolist-api/internal/logging/logger.go:33.16,36.3 2 1
todolist-api/internal/logging/logger.go:37.2,40.23 2 10
todolist-api/internal/logging/logger.go:40.23,44.3 1 1
todolist-api/internal/logging/logger.go:44.8,49.3 1 9
todolist-api/internal/logging/logger.go:52.2,52.45 1 10
todolist-api/internal/logging/logger.go:52.45,68.3 4 0
todolist-api/internal/logging/logger.go:68.8,72.3 2 10
todolist-api/internal/logging/logger.go:74.2,74.15 1 10
todolist-api/internal/logging/logger.go:78.39,89.2 1 4
todolist-api/internal/logging/logger.go:93.46,94.42 1 10
todolist-api/internal/logging/logger.go:94.42,96.3 1 7
todolist-api/internal/logging/logger.go:97.2,97.21 1 3
todolist-api/internal/logging/logger.go:100.53,101.42 1 14
todolist-api/internal/logging/logger.go:101.42,102.58 1 10
todolist-api/internal/logging/logger.go:102.58,104.4 1 7
todolist-api/internal/logging/logger.go:106.2,106.21 1 7
todolist-api/internal/logging/logger.go:109.50,110.42 1 14
todolist-api/internal/logging/logger.go:110.42,111.53 1 10
todolist-api/internal/logging/logger.go:111.53,113.4 1 4
todolist-api/internal/logging/logger.go:115.2,115.21 1 10
todolist-api/internal/middleware/auth.go:23.64,24.30 1 0
todolist-api/internal/middleware/auth.go:24.30,27.23 2 0
todolist-api/internal/middleware/auth.go:27.23,34.4 3 0
todolist-api/internal/middleware/auth.go:37.3,38.17 2 0
todolist-api/internal/middleware/auth.go:38.17,45.4 3 0
todolist-api/internal/middleware/auth.go:48.3,49.17 2 0
todolist-api/internal/middleware/auth.go:49.17,50.44 1 0
todolist-api/internal/middleware/auth.go:50.44,55.5 1 0
todolist-api/internal/middleware/auth.go:55.10,60.5 1 0
todolist-api/internal/middleware/auth.go:61.4,62.10 2 0
todolist-api/internal/middleware/auth.go:66.3,70.11 4 0
todolist-api/internal/middleware/auth.go:75.64,76.30 1 0
todolist-api/internal/middleware/auth.go:76.30,79.14 2 0
todolist-api/internal/middleware/auth.go:79.14,86.4 3 0
todolist-api/internal/middleware/auth.go:88.3,89.10 2 0
todolist-api/internal/middleware/auth.go:89.10,96.4 3 0
todolist-api/internal/middleware/auth.go:100.3,100.31 1 0
todolist-api/internal/middleware/auth.go:100.31,103.4 2 0
todolist-api/internal/middleware/auth.go:105.3,105.27 1 0
todolist-api/internal/middleware/auth.go:105.27,112.4 3 0
todolist-api/internal/middleware/auth.go:114.3,114.11 1 0
todolist-api/internal/middleware/auth.go:119.62,120.30 1 0
todolist-api/internal/middleware/auth.go:120.30,122.23 2 0
todolist-api/internal/middleware/auth.go:122.23,126.4 2 0
todolist-api/internal/middleware/auth.go:129.3,130.17 2 0
todolist-api/internal/middleware/auth.go:130.17,134.4 2 0
todolist-api/internal/middleware/auth.go:137.3,138.17 2 0
todolist-api/internal/middleware/auth.go:138.17,142.4 2 0
todolist-api/internal/middleware/auth.go:145.3,149.11 4 0
todolist-api/internal/middleware/auth.go:156.51,158.13 2 0
todolist-api/internal/middleware/auth.go:158.13,160.3 1 0
todolist-api/internal/middleware/auth.go:162.2,163.9 2 0
todolist-api/internal/middleware/auth.go:163.9,165.3 1 0
todolist-api/internal/middleware/auth.go:167.2,167.16 1 0
todolist-api/internal/middleware/auth.go:171.51,173.13 2 0
todolist-api/internal/middleware/auth.go:173.13,175.3 1 0
todolist-api/internal/middleware/auth.go:177.2,178.9 2 0
todolist-api/internal/middleware/auth.go:178.9,180.3 1 0
todolist-api/internal/middleware/auth.go:182.2,182.22 1 0
todolist-api/internal/middleware/auth.go:186.59,188.13 2 0
todolist-api/internal/middleware/auth.go:188.13,190.3 1 0
todolist-api/internal/middleware/auth.go:192.2,193.9 2 0
todolist-api/internal/middleware/auth.go:193.9,195.3 1 0
todolist-api/internal/middleware/auth.go:197.2,197.23 1 0
todolist-api/internal/middleware/auth.go:201.43,204.2 2 0
todolist-api/internal/middleware/auth.go:207.35,209.16 2 0
todolist-api/internal/middleware/auth.go:209.16,211.3 1 0
todolist-api/internal/middleware/auth.go:212.2,212.33 1 0
todolist-api/internal/middleware/auth.go:217.51,219.16 2 0
todolist-api/internal/middleware/auth.go:219.16,222.3 1 0
todolist-api/internal/middleware/auth.go:223.2,223.15 1 0
todolist-api/internal/middleware/cors.go:23.41,29.23 4 5
todolist-api/internal/middleware/cors.go:29.23,31.3 1 3
todolist-api/internal/middleware/cors.go:31.8,33.3 1 2
todolist-api/internal/middleware/cors.go:36.2,58.3 9 5
todolist-api/internal/middleware/cors.go:62.45,63.13 1 23
todolist-api/internal/middleware/cors.go:63.13,65.3 1 1
todolist-api/internal/middleware/cors.go:66.2,68.26 3 22
todolist-api/internal/middleware/cors.go:68.26,70.20 2 75
todolist-api/internal/middleware/cors.go:70.20,72.4 1 73
todolist-api/internal/middleware/cors.go:74.2,74.15 1 22
todolist-api/internal/middleware/cors.go:78.47,79.30 1 7
todolist-api/internal/middleware/cors.go:79.30,80.22 1 7
todolist-api/internal/middleware/cors.go:80.22,83.4 2 1
todolist-api/internal/middleware/cors.go:85.3,88.69 2 6
todolist-api/internal/middleware/cors.go:88.69,92.31 2 5
todolist-api/internal/middleware/cors.go:92.31,94.5 1 1
todolist-api/internal/middleware/cors.go:96.4,96.37 1 5
todolist-api/internal/middleware/cors.go:96.37,98.5 1 1
todolist-api/internal/middleware/cors.go:101.4,101.37 1 5
todolist-api/internal/middleware/cors.go:101.37,114.5 6 1
todolist-api/internal/middleware/cors.go:115.9,115.26 1 1
todolist-api/internal/middleware/cors.go:115.26,122.4 1 1
todolist-api/internal/middleware/cors.go:124.3,124.11 1 5
todolist-api/internal/middleware/cors.go:129.60,131.28 1 15
todolist-api/internal/middleware/cors.go:131.28,132.15 1 15
todolist-api/internal/middleware/cors.go:132.15,134.4 1 4
todolist-api/internal/middleware/cors.go:135.3,135.18 1 11
todolist-api/internal/middleware/cors.go:135.18,137.4 1 5
todolist-api/internal/middleware/cors.go:139.3,139.33 1 6
todolist-api/internal/middleware/cors.go:139.33,141.41 2 3
todolist-api/internal/middleware/cors.go:141.41,143.5 1 2
todolist-api/internal/middleware/cors.go:146.2,146.14 1 4
todolist-api/internal/middleware/helpers.go:9.46,10.42 1 40
todolist-api/internal/middleware/helpers.go:10.42,12.3 1 18
todolist-api/internal/middleware/helpers.go:13.2,13.21 1 22
todolist-api/internal/middleware/helpers.go:17.53,18.42 1 22
todolist-api/internal/middleware/helpers.go:18.42,19.58 1 9
todolist-api/internal/middleware/helpers.go:19.58,21.4 1 8
todolist-api/internal/middleware/helpers.go:23.2,23.21 1 14
todolist-api/internal/middleware/helpers.go:27.50,28.42 1 17
todolist-api/internal/middleware/helpers.go:28.42,29.53 1 8
todolist-api/internal/middleware/helpers.go:29.53,31.4 1 7
todolist-api/internal/middleware/helpers.go:33.2,33.21 1 10
todolist-api/internal/middleware/logging.go:12.38,13.30 1 16
todolist-api/internal/middleware/logging.go:13.30,29.55 4 16
todolist-api/internal/middleware/logging.go:29.55,31.23 1 2
todolist-api/internal/middleware/logging.go:31.23,33.5 1 1
todolist-api/internal/middleware/logging.go:33.10,35.5 1 1
todolist-api/internal/middleware/logging.go:39.3,39.62 1 16
todolist-api/internal/middleware/logging.go:39.62,41.4 1 1
todolist-api/internal/middleware/logging.go:44.3,60.24 5 16
todolist-api/internal/middleware/logging.go:60.24,62.4 1 0
todolist-api/internal/middleware/logging.go:65.3,65.24 1 16
todolist-api/internal/middleware/logging.go:65.24,67.4 1 2
todolist-api/internal/middleware/logging.go:70.3,70.10 1 16
todolist-api/internal/middleware/logging.go:71.26,72.34 1 3
todolist-api/internal/middleware/logging.go:73.26,74.33 1 5
todolist-api/internal/middleware/logging.go:75.26,76.29 1 1
todolist-api/internal/middleware/logging.go:77.11,78.38 1 7
todolist-api/internal/middleware/logging.go:85.41,86.30 1 2
todolist-api/internal/middleware/logging.go:86.30,109.55 5 2
todolist-api/internal/middleware/logging.go:109.55,110.23 1 1
todolist-api/internal/middleware/logging.go:110.23,112.5 1 1
todolist-api/internal/middleware/logging.go:112.10,114.5 1 0
todolist-api/internal/middleware/logging.go:118.3,118.62 1 2
todolist-api/internal/middleware/logging.go:118.62,120.4 1 1
todolist-api/internal/middleware/logging.go:123.3,123.24 1 2
todolist-api/internal/middleware/logging.go:123.24,125.4 1 0
todolist-api/internal/middleware/logging.go:128.3,128.31 1 2
todolist-api/internal/middleware/logging.go:128.31,130.4 1 0
todolist-api/internal/middleware/logging.go:133.3,134.10 2 2
todolist-api/internal/middleware/logging.go:135.26,136.58 1 0
todolist-api/internal/middleware/logging.go:137.26,138.57 1 0
todolist-api/internal/middleware/logging.go:139.26,140.53 1 0
todolist-api/internal/middleware/logging.go:141.11,142.62 1 2
todolist-api/internal/middleware/ratelimit.go:24.51,37.2 5 3
todolist-api/internal/middleware/ratelimit.go:40.65,42.21 1 3
todolist-api/internal/middleware/ratelimit.go:42.21,44.31 2 1
todolist-api/internal/middleware/ratelimit.go:44.31,46.4 1 100
todolist-api/internal/middleware/ratelimit.go:50.2,62.95 4 2
todolist-api/internal/middleware/ratelimit.go:62.95,78.3 3 6
todolist-api/internal/middleware/ratelimit.go:80.2,81.19 2 2
todolist-api/internal/middleware/ratelimit.go:85.63,86.21 1 2
todolist-api/internal/middleware/ratelimit.go:86.21,87.31 1 1
todolist-api/internal/middleware/ratelimit.go:87.31,89.4 1 1
todolist-api/internal/middleware/ratelimit.go:93.2,101.95 4 1
todolist-api/internal/middleware/ratelimit.go:101.95,118.3 3 0
todolist-api/internal/middleware/ratelimit.go:120.2,120.19 1 1
todolist-api/internal/middleware/ratelimit.go:124.64,125.21 1 2
todolist-api/internal/middleware/ratelimit.go:125.21,126.31 1 1
todolist-api/internal/middleware/ratelimit.go:126.31,128.4 1 1
todolist-api/internal/middleware/ratelimit.go:132.2,140.95 4 1
todolist-api/internal/middleware/ratelimit.go:140.95,157.3 3 0
todolist-api/internal/middleware/ratelimit.go:159.2,159.19 1 1
todolist-api/internal/middleware/ratelimit.go:164.66,165.21 1 5
todolist-api/internal/middleware/ratelimit.go:165.21,167.31 2 1
todolist-api/internal/middleware/ratelimit.go:167.31,169.4 1 100
todolist-api/internal/middleware/ratelimit.go:173.2,185.43 4 4
todolist-api/internal/middleware/ratelimit.go:185.43,187.54 1 28
todolist-api/internal/middleware/ratelimit.go:187.54,189.4 1 12
todolist-api/internal/middleware/ratelimit.go:192.3,192.30 1 16
todolist-api/internal/middleware/ratelimit.go:196.2,198.53 1 4
todolist-api/internal/middleware/ratelimit.go:198.53,203.55 3 13
todolist-api/internal/middleware/ratelimit.go:203.55,206.5 2 5
todolist-api/internal/middleware/ratelimit.go:209.4,225.13 3 13
todolist-api/internal/middleware/ratelimit.go:228.2,229.19 2 4
todolist-api/internal/middleware/ratelimit.go:234.70,235.21 1 4
todolist-api/internal/middleware/ratelimit.go:235.21,236.31 1 1
todolist-api/internal/middleware/ratelimit.go:236.31,238.4 1 20
todolist-api/internal/middleware/ratelimit.go:242.2,251.43 4 3
todolist-api/internal/middleware/ratelimit.go:251.43,255.3 1 30
todolist-api/internal/middleware/ratelimit.go:257.2,259.53 1 3
todolist-api/internal/middleware/ratelimit.go:259.53,277.4 3 10
todolist-api/internal/middleware/ratelimit.go:279.2,280.19 2 3
todolist-api/internal/middleware/security.go:20.49,28.2 2 5
todolist-api/internal/middleware/security.go:31.51,32.19 1 10
todolist-api/internal/middleware/security.go:32.19,34.3 1 3
todolist-api/internal/middleware/security.go:35.2,37.26 3 7
todolist-api/internal/middleware/security.go:37.26,39.20 2 14
todolist-api/internal/middleware/security.go:39.20,41.4 1 13
todolist-api/internal/middleware/security.go:43.2,43.15 1 7
todolist-api/internal/middleware/security.go:47.40,48.30 1 1
todolist-api/internal/middleware/security.go:48.30,74.3 11 1
todolist-api/internal/middleware/security.go:78.54,79.30 1 2
todolist-api/internal/middleware/security.go:79.30,80.40 1 2
todolist-api/internal/middleware/security.go:80.40,94.4 4 1
todolist-api/internal/middleware/security.go:97.3,99.11 2 1
todolist-api/internal/middleware/security.go:105.38,106.30 1 3
todolist-api/internal/middleware/security.go:106.30,108.93 1 3
todolist-api/internal/middleware/security.go:108.93,111.4 2 1
todolist-api/internal/middleware/security.go:113.3,114.57 2 2
todolist-api/internal/middleware/security.go:114.57,117.4 2 1
todolist-api/internal/middleware/security.go:120.3,121.49 2 1
todolist-api/internal/middleware/security.go:121.49,125.4 2 0
todolist-api/internal/middleware/security.go:128.3,133.11 3 1
todolist-api/internal/middleware/security.go:138.51,139.27 1 13
todolist-api/internal/middleware/security.go:140.14,142.30 1 6
todolist-api/internal/middleware/security.go:143.30,145.27 2 4
todolist-api/internal/middleware/security.go:145.27,147.4 1 4
todolist-api/internal/middleware/security.go:148.3,148.16 1 4
todolist-api/internal/middleware/security.go:149.21,151.25 2 1
todolist-api/internal/middleware/security.go:151.25,153.4 1 2
todolist-api/internal/middleware/security.go:154.3,154.16 1 1
todolist-api/internal/middleware/security.go:155.10,156.11 1 2
todolist-api/internal/middleware/security.go:161.39,162.30 1 2
todolist-api/internal/middleware/security.go:162.30,166.24 2 2
todolist-api/internal/middleware/security.go:166.24,181.32 3 2
todolist-api/internal/middleware/security.go:181.32,187.5 1 1
todolist-api/internal/middleware/security.go:193.40,195.24 1 16
todolist-api/internal/middleware/security.go:195.24,197.3 1 8
todolist-api/internal/middleware/security.go:200.2,201.21 2 8
todolist-api/internal/middleware/security.go:201.21,203.3 1 0
todolist-api/internal/middleware/security.go:205.2,206.47 1 8
todolist-api/internal/middleware/security.go:206.47,208.3 1 0
todolist-api/internal/middleware/security.go:211.2,212.31 2 8
todolist-api/internal/middleware/security.go:212.31,213.46 1 285
todolist-api/internal/middleware/security.go:213.46,215.4 1 1
todolist-api/internal/middleware/security.go:218.2,218.13 1 7
todolist-api/internal/middleware/security.go:222.54,223.30 1 3
todolist-api/internal/middleware/security.go:223.30,224.32 1 5
todolist-api/internal/middleware/security.go:224.32,226.47 2 7
todolist-api/internal/middleware/security.go:226.47,241.5 4 3
todolist-api/internal/middleware/security.go:243.3,243.11 1 2
todolist-api/internal/models/models.go:44.48,45.22 1 3
todolist-api/internal/models/models.go:45.22,47.3 1 2
todolist-api/internal/models/models.go:48.2,48.12 1 3
todolist-api/internal/models/models.go:64.57,65.23 1 2
todolist-api/internal/models/models.go:65.23,67.3 1 1
todolist-api/internal/models/models.go:68.2,68.12 1 2
todolist-api/internal/models/models.go:72.40,74.2 1 4
todolist-api/internal/models/models.go:91.52,92.22 1 3
todolist-api/internal/models/models.go:92.22,94.3 1 2
todolist-api/internal/models/models.go:95.2,95.12 1 3
todolist-api/internal/models/models.go:125.48,126.22 1 2
todolist-api/internal/models/models.go:126.22,128.3 1 1
todolist-api/internal/models/models.go:129.2,129.12 1 2
todolist-api/internal/auth/jwt.go:32.39,42.2 3 1
todolist-api/internal/auth/jwt.go:53.80,71.2 4 11
todolist-api/internal/auth/jwt.go:74.45,76.44 2 9
todolist-api/internal/auth/jwt.go:76.44,78.3 1 0
todolist-api/internal/auth/jwt.go:79.2,79.54 1 9
todolist-api/internal/auth/jwt.go:83.82,84.104 1 6
todolist-api/internal/auth/jwt.go:84.104,86.58 1 5
todolist-api/internal/auth/jwt.go:86.58,88.4 1 0
todolist-api/internal/auth/jwt.go:89.3,89.39 1 5
todolist-api/internal/auth/jwt.go:92.2,92.16 1 6
todolist-api/internal/auth/jwt.go:92.16,93.42 1 3
todolist-api/internal/auth/jwt.go:93.42,95.4 1 1
todolist-api/internal/auth/jwt.go:96.3,96.57 1 2
todolist-api/internal/auth/jwt.go:99.2,100.25 2 3
todolist-api/internal/auth/jwt.go:100.25,102.3 1 0
todolist-api/internal/auth/jwt.go:104.2,104.20 1 3
todolist-api/internal/auth/jwt.go:109.64,110.22 1 5
todolist-api/internal/auth/jwt.go:110.22,112.3 1 1
todolist-api/internal/auth/jwt.go:114.2,115.41 2 4
todolist-api/internal/auth/jwt.go:115.41,117.3 1 0
todolist-api/internal/auth/jwt.go:119.2,119.52 1 4
todolist-api/internal/auth/jwt.go:119.52,121.3 1 2
todolist-api/internal/auth/jwt.go:123.2,124.17 2 2
todolist-api/internal/auth/jwt.go:124.17,126.3 1 1
todolist-api/internal/auth/jwt.go:128.2,128.19 1 1
todolist-api/internal/auth/jwt.go:133.46,134.42 1 2
todolist-api/internal/auth/jwt.go:134.42,136.3 1 0
todolist-api/internal/auth/jwt.go:137.2,137.21 1 2
todolist-api/internal/auth/jwt.go:140.50,141.42 1 2
todolist-api/internal/auth/jwt.go:141.42,142.55 1 0
todolist-api/internal/auth/jwt.go:142.55,144.4 1 0
todolist-api/internal/auth/jwt.go:146.2,146.21 1 2
todolist-api/internal/auth/jwt.go:151.37,155.2 1 1
todolist-api/internal/auth/password.go:26.52,27.39 1 22
todolist-api/internal/auth/password.go:27.39,29.3 1 2
todolist-api/internal/auth/password.go:30.2,30.39 1 20
todolist-api/internal/auth/password.go:30.39,32.3 1 1
todolist-api/internal/auth/password.go:34.2,35.16 2 19
todolist-api/internal/auth/password.go:35.16,37.3 1 0
todolist-api/internal/auth/password.go:39.2,39.33 1 19
todolist-api/internal/auth/password.go:43.60,45.16 2 11
todolist-api/internal/auth/password.go:45.16,46.58 1 5
todolist-api/internal/auth/password.go:46.58,48.4 1 4
todolist-api/internal/auth/password.go:49.3,49.13 1 1
todolist-api/internal/auth/password.go:51.2,51.12 1 6
todolist-api/internal/auth/password.go:55.58,56.39 1 8
todolist-api/internal/auth/password.go:56.39,58.3 1 1
todolist-api/internal/auth/password.go:59.2,59.39 1 7
todolist-api/internal/auth/password.go:59.39,61.3 1 1
todolist-api/internal/auth/password.go:62.2,62.12 1 6
todolist-api/internal/auth/service.go:30.61,35.2 1 8
todolist-api/internal/auth/service.go:38.79,42.16 3 11
todolist-api/internal/auth/service.go:42.16,44.3 1 1
todolist-api/internal/auth/service.go:45.2,45.45 1 10
todolist-api/internal/auth/service.go:45.45,47.3 1 0
todolist-api/internal/auth/service.go:50.2,51.16 2 10
todolist-api/internal/auth/service.go:51.16,53.3 1 1
todolist-api/internal/auth/service.go:56.2,65.48 2 9
todolist-api/internal/auth/service.go:65.48,67.3 1 0
todolist-api/internal/auth/service.go:69.2,69.18 1 9
todolist-api/internal/auth/service.go:73.81,77.16 3 7
todolist-api/internal/auth/service.go:77.16,78.45 1 1
todolist-api/internal/auth/service.go:78.45,80.4 1 1
todolist-api/internal/auth/service.go:81.3,81.57 1 0
todolist-api/internal/auth/service.go:85.2,85.20 1 6
todolist-api/internal/auth/service.go:85.20,87.3 1 1
todolist-api/internal/auth/service.go:90.2,90.72 1 5
todolist-api/internal/auth/service.go:90.72,92.3 1 1
todolist-api/internal/auth/service.go:95.2,100.38 4 4
todolist-api/internal/auth/service.go:104.95,111.16 4 3
todolist-api/internal/auth/service.go:111.16,112.45 1 1
todolist-api/internal/auth/service.go:112.45,114.4 1 1
todolist-api/internal/auth/service.go:115.3,115.66 1 0
todolist-api/internal/auth/service.go:119.2,119.29 1 2
todolist-api/internal/auth/service.go:119.29,121.3 1 1
todolist-api/internal/auth/service.go:124.2,124.33 1 1
todolist-api/internal/auth/service.go:124.33,126.3 1 0
todolist-api/internal/auth/service.go:129.2,129.51 1 1
todolist-api/internal/auth/service.go:133.71,141.25 4 2
todolist-api/internal/auth/service.go:141.25,143.3 1 0
todolist-api/internal/auth/service.go:145.2,145.30 1 2
todolist-api/internal/auth/service.go:145.30,147.3 1 1
todolist-api/internal/auth/service.go:149.2,149.12 1 1
todolist-api/internal/auth/service.go:153.63,160.16 3 1
todolist-api/internal/auth/service.go:160.16,162.3 1 0
todolist-api/internal/auth/service.go:164.2,164.12 1 1
todolist-api/internal/auth/service.go:168.71,171.16 3 2
todolist-api/internal/auth/service.go:171.16,172.45 1 1
todolist-api/internal/auth/service.go:172.45,174.4 1 1
todolist-api/internal/auth/service.go:175.3,175.57 1 0
todolist-api/internal/auth/service.go:177.2,177.19 1 1
todolist-api/internal/auth/service.go:181.107,184.16 3 2
todolist-api/internal/auth/service.go:184.16,185.45 1 1
todolist-api/internal/auth/service.go:185.45,187.4 1 1
todolist-api/internal/auth/service.go:188.3,188.57 1 0
todolist-api/internal/auth/service.go:192.2,193.26 2 1
todolist-api/internal/auth/service.go:193.26,195.3 1 1
todolist-api/internal/auth/service.go:196.2,196.25 1 1
todolist-api/internal/auth/service.go:196.25,198.3 1 1
todolist-api/internal/auth/service.go:200.2,200.22 1 1
todolist-api/internal/auth/service.go:200.22,201.66 1 1
todolist-api/internal/auth/service.go:201.66,203.4 1 0
todolist-api/internal/auth/service.go:206.2,206.19 1 1
todolist-api/internal/auth/service.go:210.93,213.16 3 3
todolist-api/internal/auth/service.go:213.16,214.45 1 1
todolist-api/internal/auth/service.go:214.45,216.4 1 1
todolist-api/internal/auth/service.go:217.3,217.52 1 0
todolist-api/internal/auth/service.go:221.2,221.79 1 2
todolist-api/internal/auth/service.go:221.79,223.3 1 1
todolist-api/internal/auth/service.go:226.2,227.16 2 1
todolist-api/internal/auth/service.go:227.16,229.3 1 0
todolist-api/internal/auth/service.go:232.2,232.88 1 1
todolist-api/internal/auth/service.go:232.88,234.3 1 0
todolist-api/internal/auth/service.go:237.2,239.12 2 1
todolist-api/internal/auth/service.go:243.48,245.16 2 0
todolist-api/internal/auth/service.go:245.16,247.3 1 0
todolist-api/internal/auth/service.go:248.2,248.12 1 0
todolist-api/internal/auth/service.go:254.89,257.16 2 5
todolist-api/internal/auth/service.go:257.16,259.3 1 0
todolist-api/internal/auth/service.go:262.2,263.16 2 5
todolist-api/internal/auth/service.go:263.16,265.3 1 0
todolist-api/internal/auth/service.go:268.2,274.56 2 5
todolist-api/internal/auth/service.go:274.56,276.3 1 0
todolist-api/internal/auth/service.go:279.2,291.8 1 5
todolist-api/internal/auth/service.go:295.37,298.2 2 10
todolist-api/internal/storage/postgres.go:18.55,20.2 1 10
todolist-api/internal/storage/postgres.go:23.116,27.25 3 37
todolist-api/internal/storage/postgres.go:27.25,29.3 1 1
todolist-api/internal/storage/postgres.go:30.2,30.54 1 36
todolist-api/internal/storage/postgres.go:30.54,32.3 1 0
todolist-api/internal/storage/postgres.go:34.2,40.48 2 36
todolist-api/internal/storage/postgres.go:40.48,42.3 1 0
todolist-api/internal/storage/postgres.go:44.2,45.18 2 36
todolist-api/internal/storage/postgres.go:49.121,54.109 3 2
todolist-api/internal/storage/postgres.go:54.109,56.3 1 0
todolist-api/internal/storage/postgres.go:59.2,67.34 3 2
todolist-api/internal/storage/postgres.go:67.34,69.3 1 0
todolist-api/internal/storage/postgres.go:72.2,72.23 1 2
todolist-api/internal/storage/postgres.go:72.23,76.3 3 20
todolist-api/internal/storage/postgres.go:78.2,85.31 2 2
todolist-api/internal/storage/postgres.go:89.91,91.96 2 4
todolist-api/internal/storage/postgres.go:91.96,92.45 1 2
todolist-api/internal/storage/postgres.go:92.45,94.4 1 2
todolist-api/internal/storage/postgres.go:95.3,95.18 1 0
todolist-api/internal/storage/postgres.go:99.2,103.19 4 2
todolist-api/internal/storage/postgres.go:107.124,109.96 2 2
todolist-api/internal/storage/postgres.go:109.96,110.45 1 0
todolist-api/internal/storage/postgres.go:110.45,112.4 1 0
todolist-api/internal/storage/postgres.go:113.3,113.18 1 0
todolist-api/internal/storage/postgres.go:117.2,117.47 1 2
todolist-api/internal/storage/postgres.go:117.47,120.26 3 2
todolist-api/internal/storage/postgres.go:120.26,122.4 1 1
todolist-api/internal/storage/postgres.go:123.3,123.55 1 1
todolist-api/internal/storage/postgres.go:123.55,125.4 1 0
todolist-api/internal/storage/postgres.go:126.3,126.24 1 1
todolist-api/internal/storage/postgres.go:129.2,129.28 1 1
todolist-api/internal/storage/postgres.go:129.28,131.3 1 0
todolist-api/internal/storage/postgres.go:133.2,133.47 1 1
todolist-api/internal/storage/postgres.go:133.47,135.3 1 0
todolist-api/internal/storage/postgres.go:138.2,142.19 4 1
todolist-api/internal/storage/postgres.go:146.70,148.25 2 2
todolist-api/internal/storage/postgres.go:148.25,150.3 1 0
todolist-api/internal/storage/postgres.go:151.2,151.30 1 2
todolist-api/internal/storage/postgres.go:151.30,153.3 1 1
todolist-api/internal/storage/postgres.go:154.2,154.12 1 1
todolist-api/internal/storage/postgres.go:158.116,161.96 2 13
todolist-api/internal/storage/postgres.go:161.96,162.45 1 1
todolist-api/internal/storage/postgres.go:162.45,164.4 1 1
todolist-api/internal/storage/postgres.go:165.3,165.18 1 0
todolist-api/internal/storage/postgres.go:168.2,176.48 2 12
todolist-api/internal/storage/postgres.go:176.48,178.3 1 0
todolist-api/internal/storage/postgres.go:180.2,180.18 1 12
todolist-api/internal/storage/postgres.go:184.161,187.96 2 4
todolist-api/internal/storage/postgres.go:187.96,188.45 1 0
todolist-api/internal/storage/postgres.go:188.45,190.4 1 0
todolist-api/internal/storage/postgres.go:191.3,191.18 1 0
todolist-api/internal/storage/postgres.go:195.2,198.21 2 4
todolist-api/internal/storage/postgres.go:198.21,200.3 1 1
todolist-api/internal/storage/postgres.go:201.2,201.22 1 4
todolist-api/internal/storage/postgres.go:201.22,203.3 1 1
todolist-api/internal/storage/postgres.go:206.2,210.49 4 4
todolist-api/internal/storage/postgres.go:210.49,212.3 1 0
todolist-api/internal/storage/postgres.go:214.2,214.19 1 4
todolist-api/internal/storage/postgres.go:218.95,221.96 2 1
todolist-api/internal/storage/postgres.go:221.96,222.45 1 0
todolist-api/internal/storage/postgres.go:222.45,224.4 1 0
todolist-api/internal/storage/postgres.go:225.3,225.18 1 0
todolist-api/internal/storage/postgres.go:228.2,229.96 2 1
todolist-api/internal/storage/postgres.go:229.96,230.45 1 1
todolist-api/internal/storage/postgres.go:230.45,232.4 1 1
todolist-api/internal/storage/postgres.go:233.3,233.18 1 0
todolist-api/internal/storage/postgres.go:236.2,236.19 1 0
todolist-api/internal/storage/postgres.go:240.124,243.96 2 3
todolist-api/internal/storage/postgres.go:243.96,244.45 1 0
todolist-api/internal/storage/postgres.go:244.45,246.4 1 0
todolist-api/internal/storage/postgres.go:247.3,247.18 1 0
todolist-api/internal/storage/postgres.go:250.2,251.96 2 3
todolist-api/internal/storage/postgres.go:251.96,252.45 1 0
todolist-api/internal/storage/postgres.go:252.45,254.4 1 0
todolist-api/internal/storage/postgres.go:255.3,255.18 1 0
todolist-api/internal/storage/postgres.go:259.2,259.28 1 3
todolist-api/internal/storage/postgres.go:259.28,261.3 1 1
todolist-api/internal/storage/postgres.go:262.2,262.25 1 3
todolist-api/internal/storage/postgres.go:262.25,264.3 1 1
todolist-api/internal/storage/postgres.go:265.2,265.24 1 3
todolist-api/internal/storage/postgres.go:265.24,267.3 1 0
todolist-api/internal/storage/postgres.go:268.2,268.26 1 3
todolist-api/internal/storage/postgres.go:268.26,273.38 3 3
todolist-api/internal/storage/postgres.go:273.38,276.4 2 2
todolist-api/internal/storage/postgres.go:276.9,276.45 1 1
todolist-api/internal/storage/postgres.go:276.45,278.4 1 1
todolist-api/internal/storage/postgres.go:281.2,281.47 1 3
todolist-api/internal/storage/postgres.go:281.47,283.3 1 0
todolist-api/internal/storage/postgres.go:285.2,285.19 1 3
todolist-api/internal/storage/postgres.go:289.78,292.96 2 1
todolist-api/internal/storage/postgres.go:292.96,293.45 1 0
todolist-api/internal/storage/postgres.go:293.45,295.4 1 0
todolist-api/internal/storage/postgres.go:296.3,296.13 1 0
todolist-api/internal/storage/postgres.go:299.2,300.25 2 1
todolist-api/internal/storage/postgres.go:300.25,302.3 1 0
todolist-api/internal/storage/postgres.go:303.2,303.30 1 1
todolist-api/internal/storage/postgres.go:303.30,305.3 1 0
todolist-api/internal/storage/postgres.go:306.2,306.12 1 1
todolist-api/internal/storage/postgres.go:310.56,313.16 2 4
todolist-api/internal/storage/postgres.go:314.17,315.22 1 0
todolist-api/internal/storage/postgres.go:316.18,318.26 1 1
todolist-api/internal/storage/postgres.go:318.26,320.4 1 1
todolist-api/internal/storage/postgres.go:321.3,321.91 1 0
todolist-api/internal/storage/postgres.go:322.23,323.24 1 3
todolist-api/internal/storage/postgres.go:324.10,325.24 1 0
todolist-api/internal/storage/postgres.go:328.2,328.25 1 3
todolist-api/internal/storage/postgres.go:328.25,330.3 1 0
todolist-api/internal/storage/postgres.go:331.2,331.24 1 3
todolist-api/internal/storage/storage.go:30.28,35.2 1 10
todolist-api/internal/storage/storage.go:38.108,43.31 3 36
todolist-api/internal/storage/storage.go:43.31,44.53 1 304
todolist-api/internal/storage/storage.go:44.53,46.4 1 1
todolist-api/internal/storage/storage.go:49.2,61.18 4 35
todolist-api/internal/storage/storage.go:65.113,71.31 4 3
todolist-api/internal/storage/storage.go:71.31,72.28 1 75
todolist-api/internal/storage/storage.go:72.28,76.4 3 75
todolist-api/internal/storage/storage.go:80.2,80.43 1 3
todolist-api/internal/storage/storage.go:80.43,82.3 1 306
todolist-api/internal/storage/storage.go:85.2,87.41 3 3
todolist-api/internal/storage/storage.go:87.41,89.3 1 0
todolist-api/internal/storage/storage.go:92.2,94.24 3 3
todolist-api/internal/storage/storage.go:94.24,96.3 1 0
todolist-api/internal/storage/storage.go:97.2,97.22 1 3
todolist-api/internal/storage/storage.go:97.22,99.3 1 1
todolist-api/internal/storage/storage.go:101.2,109.40 3 3
todolist-api/internal/storage/storage.go:113.83,118.38 4 3
todolist-api/internal/storage/storage.go:118.38,120.3 1 2
todolist-api/internal/storage/storage.go:122.2,124.23 3 1
todolist-api/internal/storage/storage.go:128.116,133.38 4 4
todolist-api/internal/storage/storage.go:133.38,135.3 1 1
todolist-api/internal/storage/storage.go:138.2,138.47 1 3
todolist-api/internal/storage/storage.go:138.47,139.29 1 2
todolist-api/internal/storage/storage.go:139.29,140.67 1 3
todolist-api/internal/storage/storage.go:140.67,142.5 1 1
todolist-api/internal/storage/storage.go:144.3,144.24 1 1
todolist-api/internal/storage/storage.go:147.2,147.28 1 2
todolist-api/internal/storage/storage.go:147.28,149.3 1 1
todolist-api/internal/storage/storage.go:151.2,155.23 4 2
todolist-api/internal/storage/storage.go:159.62,164.38 4 2
todolist-api/internal/storage/storage.go:164.38,166.3 1 1
todolist-api/internal/storage/storage.go:169.2,169.36 1 1
todolist-api/internal/storage/storage.go:169.36,170.28 1 1
todolist-api/internal/storage/storage.go:170.28,172.4 1 1
todolist-api/internal/storage/storage.go:175.2,176.12 2 1
todolist-api/internal/storage/storage.go:180.108,185.38 4 8
todolist-api/internal/storage/storage.go:185.38,187.3 1 1
todolist-api/internal/storage/storage.go:189.2,203.18 4 7
todolist-api/internal/storage/storage.go:207.153,212.38 4 6
todolist-api/internal/storage/storage.go:212.38,214.3 1 2
todolist-api/internal/storage/storage.go:217.2,218.31 2 4
todolist-api/internal/storage/storage.go:218.31,219.28 1 12
todolist-api/internal/storage/storage.go:219.28,220.12 1 0
todolist-api/internal/storage/storage.go:224.3,224.52 1 12
todolist-api/internal/storage/storage.go:224.52,225.12 1 2
todolist-api/internal/storage/storage.go:227.3,227.55 1 10
todolist-api/internal/storage/storage.go:227.55,228.12 1 0
todolist-api/internal/storage/storage.go:231.3,231.33 1 10
todolist-api/internal/storage/storage.go:235.2,235.61 1 4
todolist-api/internal/storage/storage.go:235.61,237.3 1 0
todolist-api/internal/storage/storage.go:239.2,239.20 1 4
todolist-api/internal/storage/storage.go:243.87,248.38 4 1
todolist-api/internal/storage/storage.go:248.38,250.3 1 0
todolist-api/internal/storage/storage.go:252.2,253.38 2 1
todolist-api/internal/storage/storage.go:253.38,255.3 1 1
todolist-api/internal/storage/storage.go:257.2,258.23 2 0
todolist-api/internal/storage/storage.go:262.116,267.38 4 5
todolist-api/internal/storage/storage.go:267.38,269.3 1 1
todolist-api/internal/storage/storage.go:271.2,272.38 2 4
todolist-api/internal/storage/storage.go:272.38,274.3 1 1
todolist-api/internal/storage/storage.go:276.2,276.28 1 3
todolist-api/internal/storage/storage.go:276.28,278.3 1 1
todolist-api/internal/storage/storage.go:279.2,279.25 1 3
todolist-api/internal/storage/storage.go:279.25,281.3 1 1
todolist-api/internal/storage/storage.go:282.2,282.24 1 3
todolist-api/internal/storage/storage.go:282.24,284.3 1 0
todolist-api/internal/storage/storage.go:285.2,285.26 1 3
todolist-api/internal/storage/storage.go:285.26,290.38 3 2
todolist-api/internal/storage/storage.go:290.38,293.4 2 1
todolist-api/internal/storage/storage.go:293.9,293.45 1 1
todolist-api/internal/storage/storage.go:293.45,295.4 1 1
todolist-api/internal/storage/storage.go:298.2,301.23 3 3
todolist-api/internal/storage/storage.go:305.70,310.38 4 3
todolist-api/internal/storage/storage.go:310.38,312.3 1 1
todolist-api/internal/storage/storage.go:314.2,315.38 2 2
todolist-api/internal/storage/storage.go:315.38,317.3 1 1
todolist-api/internal/storage/storage.go:319.2,320.12 2 1
todolist-api/internal/storage/storage.go:324.58,326.31 2 78
todolist-api/internal/storage/storage.go:326.31,327.28 1 0
todolist-api/internal/storage/storage.go:327.28,329.4 1 0
todolist-api/internal/storage/storage.go:331.2,331.14 1 78
todolist-api/internal/storage/storage.go:335.69,337.90 1 4
todolist-api/internal/storage/storage.go:337.90,339.3 1 0
todolist-api/internal/storage/storage.go:341.2,341.30 1 4
todolist-api/internal/storage/storage.go:341.30,343.17 2 8
todolist-api/internal/storage/storage.go:344.18,346.58 1 0
todolist-api/internal/storage/storage.go:346.58,348.5 1 0
todolist-api/internal/storage/storage.go:348.10,348.38 1 0
todolist-api/internal/storage/storage.go:348.38,350.5 1 0
todolist-api/internal/storage/storage.go:350.10,350.38 1 0
todolist-api/internal/storage/storage.go:350.38,352.5 1 0
todolist-api/internal/storage/storage.go:352.10,354.5 1 0
todolist-api/internal/storage/storage.go:355.19,361.80 2 3
todolist-api/internal/storage/storage.go:362.24,363.58 1 5
todolist-api/internal/storage/storage.go:366.3,366.26 1 8
todolist-api/internal/storage/storage.go:366.26,368.4 1 0
todolist-api/internal/storage/storage.go:369.3,369.16 1 8
todolist-api/internal/storage/storage.go:372.2,373.12 2 4
todolist-api/internal/handlers/auth.go:19.61,23.2 1 30
todolist-api/internal/handlers/auth.go:36.48,38.47 2 7
todolist-api/internal/handlers/auth.go:38.47,45.3 2 4
todolist-api/internal/handlers/auth.go:48.2,48.72 1 3
todolist-api/internal/handlers/auth.go:48.72,54.3 2 0
todolist-api/internal/handlers/auth.go:57.2,58.16 2 3
todolist-api/internal/handlers/auth.go:58.16,59.48 1 1
todolist-api/internal/handlers/auth.go:59.48,65.4 2 1
todolist-api/internal/handlers/auth.go:67.3,71.9 2 0
todolist-api/internal/handlers/auth.go:75.2,81.16 3 2
todolist-api/internal/handlers/auth.go:81.16,91.3 2 0
todolist-api/internal/handlers/auth.go:93.2,93.42 1 2
todolist-api/internal/handlers/auth.go:107.45,109.47 2 4
todolist-api/internal/handlers/auth.go:109.47,116.3 2 1
todolist-api/internal/handlers/auth.go:118.2,119.16 2 3
todolist-api/internal/handlers/auth.go:119.16,120.49 1 2
todolist-api/internal/handlers/auth.go:120.49,126.4 2 2
todolist-api/internal/handlers/auth.go:128.3,128.43 1 0
todolist-api/internal/handlers/auth.go:128.43,134.4 2 0
todolist-api/internal/handlers/auth.go:136.3,140.9 2 0
todolist-api/internal/handlers/auth.go:143.2,143.37 1 1
todolist-api/internal/handlers/auth.go:157.52,159.47 2 5
todolist-api/internal/handlers/auth.go:159.47,166.3 2 1
todolist-api/internal/handlers/auth.go:168.2,169.16 2 4
todolist-api/internal/handlers/auth.go:169.16,170.50 1 3
todolist-api/internal/handlers/auth.go:170.50,176.4 2 3
todolist-api/internal/handlers/auth.go:178.3,178.43 1 0
todolist-api/internal/handlers/auth.go:178.43,184.4 2 0
todolist-api/internal/handlers/auth.go:186.3,190.9 2 0
todolist-api/internal/handlers/auth.go:193.2,193.37 1 1
todolist-api/internal/handlers/auth.go:207.46,209.47 2 3
todolist-api/internal/handlers/auth.go:209.47,216.3 2 1
todolist-api/internal/handlers/auth.go:218.2,219.16 2 2
todolist-api/internal/handlers/auth.go:219.16,220.50 1 1
todolist-api/internal/handlers/auth.go:220.50,226.4 2 1
todolist-api/internal/handlers/auth.go:228.3,232.9 2 0
todolist-api/internal/handlers/auth.go:235.2,235.32 1 1
todolist-api/internal/handlers/auth.go:247.50,249.16 2 3
todolist-api/internal/handlers/auth.go:249.16,255.3 2 1
todolist-api/internal/handlers/auth.go:257.2,258.16 2 2
todolist-api/internal/handlers/auth.go:258.16,259.43 1 1
todolist-api/internal/handlers/auth.go:259.43,265.4 2 1
todolist-api/internal/handlers/auth.go:267.3,271.9 2 0
todolist-api/internal/handlers/auth.go:274.2,280.4 1 1
todolist-api/internal/handlers/auth.go:295.53,297.16 2 4
todolist-api/internal/handlers/auth.go:297.16,303.3 2 1
todolist-api/internal/handlers/auth.go:305.2,306.47 2 3
todolist-api/internal/handlers/auth.go:306.47,313.3 2 1
todolist-api/internal/handlers/auth.go:315.2,316.16 2 2
todolist-api/internal/handlers/auth.go:316.16,317.43 1 0
todolist-api/internal/handlers/auth.go:317.43,323.4 2 0
todolist-api/internal/handlers/auth.go:325.3,329.9 2 0
todolist-api/internal/handlers/auth.go:332.2,338.4 1 2
todolist-api/internal/handlers/auth.go:353.54,355.16 2 5
todolist-api/internal/handlers/auth.go:355.16,361.3 2 1
todolist-api/internal/handlers/auth.go:363.2,364.47 2 4
todolist-api/internal/handlers/auth.go:364.47,371.3 2 2
todolist-api/internal/handlers/auth.go:374.2,374.75 1 2
todolist-api/internal/handlers/auth.go:374.75,380.3 2 0
todolist-api/internal/handlers/auth.go:382.2,383.16 2 2
todolist-api/internal/handlers/auth.go:383.16,384.49 1 1
todolist-api/internal/handlers/auth.go:384.49,390.4 2 1
todolist-api/internal/handlers/auth.go:392.3,392.43 1 0
todolist-api/internal/handlers/auth.go:392.43,398.4 2 0
todolist-api/internal/handlers/auth.go:400.3,404.9 2 0
todolist-api/internal/handlers/auth.go:407.2,407.32 1 1
todolist-api/internal/handlers/health.go:21.51,26.2 1 16
todolist-api/internal/handlers/health.go:51.53,55.2 1 1
todolist-api/internal/handlers/health.go:65.56,72.33 5 3
todolist-api/internal/handlers/health.go:72.33,74.3 1 2
todolist-api/internal/handlers/health.go:77.2,95.34 6 3
todolist-api/internal/handlers/health.go:95.34,98.3 2 2
todolist-api/internal/handlers/health.go:100.2,100.33 1 1
todolist-api/internal/handlers/health.go:111.56,115.33 2 3
todolist-api/internal/handlers/health.go:115.33,122.3 2 2
todolist-api/internal/handlers/health.go:124.2,126.4 1 1
todolist-api/internal/handlers/health.go:136.55,140.2 1 1
todolist-api/internal/handlers/health.go:143.53,144.17 1 10
todolist-api/internal/handlers/health.go:144.17,149.3 1 4
todolist-api/internal/handlers/health.go:152.2,153.16 2 6
todolist-api/internal/handlers/health.go:153.16,158.3 1 0
todolist-api/internal/handlers/health.go:161.2,164.47 3 6
todolist-api/internal/handlers/health.go:164.47,172.3 1 3
todolist-api/internal/handlers/health.go:175.2,189.3 2 3
todolist-api/internal/handlers/health.go:193.55,194.17 1 9
todolist-api/internal/handlers/health.go:194.17,199.3 1 2
todolist-api/internal/handlers/health.go:202.2,210.27 3 7
todolist-api/internal/handlers/health.go:210.27,215.3 1 3
todolist-api/internal/handlers/health.go:218.2,226.16 4 4
todolist-api/internal/handlers/health.go:226.16,231.3 1 1
todolist-api/internal/handlers/health.go:233.2,235.11 3 3
todolist-api/internal/handlers/health.go:235.11,238.3 2 1
todolist-api/internal/handlers/health.go:240.2,247.3 1 3
todolist-api/internal/handlers/health.go:251.53,266.2 3 4
todolist-api/internal/handlers/health.go:269.45,275.14 5 10
todolist-api/internal/handlers/health.go:275.14,277.3 1 2
todolist-api/internal/handlers/health.go:278.2,278.15 1 8
todolist-api/internal/handlers/health.go:278.15,280.3 1 2
todolist-api/internal/handlers/health.go:281.2,281.17 1 6
todolist-api/internal/handlers/health.go:281.17,283.3 1 2
todolist-api/internal/handlers/health.go:284.2,284.36 1 4
todolist-api/internal/handlers/lists.go:21.55,23.2 1 22
todolist-api/internal/handlers/lists.go:26.51,35.14 4 4
todolist-api/internal/handlers/lists.go:35.14,37.3 1 1
todolist-api/internal/handlers/lists.go:38.2,38.30 1 4
todolist-api/internal/handlers/lists.go:38.30,40.3 1 1
todolist-api/internal/handlers/lists.go:42.2,43.16 2 4
todolist-api/internal/handlers/lists.go:43.16,49.3 2 0
todolist-api/internal/handlers/lists.go:51.2,54.4 1 4
todolist-api/internal/handlers/lists.go:58.50,63.47 3 4
todolist-api/internal/handlers/lists.go:63.47,70.3 2 2
todolist-api/internal/handlers/lists.go:72.2,73.16 2 2
todolist-api/internal/handlers/lists.go:73.16,74.39 1 1
todolist-api/internal/handlers/lists.go:74.39,80.4 2 1
todolist-api/internal/handlers/lists.go:81.3,85.9 2 0
todolist-api/internal/handlers/lists.go:88.2,88.34 1 1
todolist-api/internal/handlers/lists.go:92.51,97.16 3 3
todolist-api/internal/handlers/lists.go:97.16,103.3 2 1
todolist-api/internal/handlers/lists.go:105.2,106.16 2 2
todolist-api/internal/handlers/lists.go:106.16,107.37 1 1
todolist-api/internal/handlers/lists.go:107.37,113.4 2 1
todolist-api/internal/handlers/lists.go:114.3,118.9 2 0
todolist-api/internal/handlers/lists.go:121.2,121.29 1 1
todolist-api/internal/handlers/lists.go:125.50,130.16 3 7
todolist-api/internal/handlers/lists.go:130.16,136.3 2 1
todolist-api/internal/handlers/lists.go:138.2,139.47 2 6
todolist-api/internal/handlers/lists.go:139.47,146.3 2 1
todolist-api/internal/handlers/lists.go:148.2,149.16 2 5
todolist-api/internal/handlers/lists.go:149.16,150.37 1 2
todolist-api/internal/handlers/lists.go:150.37,156.4 2 1
todolist-api/internal/handlers/lists.go:157.3,157.39 1 1
todolist-api/internal/handlers/lists.go:157.39,163.4 2 1
todolist-api/internal/handlers/lists.go:164.3,168.9 2 0
todolist-api/internal/handlers/lists.go:171.2,171.29 1 3
todolist-api/internal/handlers/lists.go:175.50,180.16 3 4
todolist-api/internal/handlers/lists.go:180.16,186.3 2 1
todolist-api/internal/handlers/lists.go:188.2,189.16 2 3
todolist-api/internal/handlers/lists.go:189.16,190.37 1 1
todolist-api/internal/handlers/lists.go:190.37,196.4 2 1
todolist-api/internal/handlers/lists.go:197.3,201.9 2 0
todolist-api/internal/handlers/lists.go:204.2,204.32 1 2
todolist-api/internal/handlers/todos.go:20.55,22.2 1 39
todolist-api/internal/handlers/todos.go:25.54,30.16 3 14
todolist-api/internal/handlers/todos.go:30.16,36.3 2 1
todolist-api/internal/handlers/todos.go:39.2,40.59 2 13
todolist-api/internal/handlers/todos.go:40.59,42.88 2 2
todolist-api/internal/handlers/todos.go:42.88,48.4 2 1
todolist-api/internal/handlers/todos.go:49.3,49.16 1 1
todolist-api/internal/handlers/todos.go:52.2,53.62 2 12
todolist-api/internal/handlers/todos.go:53.62,54.29 1 3
todolist-api/internal/handlers/todos.go:54.29,57.4 2 1
todolist-api/internal/handlers/todos.go:57.9,57.37 1 2
todolist-api/internal/handlers/todos.go:57.37,60.4 2 1
todolist-api/internal/handlers/todos.go:60.9,66.4 2 1
todolist-api/internal/handlers/todos.go:69.2,73.74 3 11
todolist-api/internal/handlers/todos.go:73.74,79.3 2 1
todolist-api/internal/handlers/todos.go:80.2,80.47 1 10
todolist-api/internal/handlers/todos.go:80.47,86.3 2 1
todolist-api/internal/handlers/todos.go:88.2,89.16 2 9
todolist-api/internal/handlers/todos.go:89.16,90.37 1 1
todolist-api/internal/handlers/todos.go:90.37,96.4 2 1
todolist-api/internal/handlers/todos.go:97.3,101.9 2 0
todolist-api/internal/handlers/todos.go:104.2,104.30 1 8
todolist-api/internal/handlers/todos.go:108.50,113.16 3 6
todolist-api/internal/handlers/todos.go:113.16,119.3 2 1
todolist-api/internal/handlers/todos.go:121.2,122.47 2 5
todolist-api/internal/handlers/todos.go:122.47,129.3 2 2
todolist-api/internal/handlers/todos.go:131.2,132.16 2 3
todolist-api/internal/handlers/todos.go:132.16,133.37 1 1
todolist-api/internal/handlers/todos.go:133.37,139.4 2 1
todolist-api/internal/handlers/todos.go:140.3,144.9 2 0
todolist-api/internal/handlers/todos.go:147.2,147.34 1 2
todolist-api/internal/handlers/todos.go:151.51,156.16 3 5
todolist-api/internal/handlers/todos.go:156.16,162.3 2 1
todolist-api/internal/handlers/todos.go:164.2,165.16 2 4
todolist-api/internal/handlers/todos.go:165.16,171.3 2 1
todolist-api/internal/handlers/todos.go:173.2,174.16 2 3
todolist-api/internal/handlers/todos.go:174.16,175.37 1 2
todolist-api/internal/handlers/todos.go:175.37,181.4 2 1
todolist-api/internal/handlers/todos.go:182.3,182.37 1 1
todolist-api/internal/handlers/todos.go:182.37,188.4 2 1
todolist-api/internal/handlers/todos.go:189.3,193.9 2 0
todolist-api/internal/handlers/todos.go:196.2,196.29 1 1
todolist-api/internal/handlers/todos.go:200.50,205.16 3 9
todolist-api/internal/handlers/todos.go:205.16,211.3 2 1
todolist-api/internal/handlers/todos.go:213.2,214.16 2 8
todolist-api/internal/handlers/todos.go:214.16,220.3 2 1
todolist-api/internal/handlers/todos.go:222.2,223.47 2 7
todolist-api/internal/handlers/todos.go:223.47,230.3 2 1
todolist-api/internal/handlers/todos.go:232.2,233.16 2 6
todolist-api/internal/handlers/todos.go:233.16,234.37 1 2
todolist-api/internal/handlers/todos.go:234.37,240.4 2 1
todolist-api/internal/handlers/todos.go:241.3,241.37 1 1
todolist-api/internal/handlers/todos.go:241.37,247.4 2 1
todolist-api/internal/handlers/todos.go:248.3,252.9 2 0
todolist-api/internal/handlers/todos.go:255.2,255.29 1 4
todolist-api/internal/handlers/todos.go:259.50,264.16 3 5
todolist-api/internal/handlers/todos.go:264.16,270.3 2 1
todolist-api/internal/handlers/todos.go:272.2,273.16 2 4
todolist-api/internal/handlers/todos.go:273.16,279.3 2 1
todolist-api/internal/handlers/todos.go:281.2,282.16 2 3
todolist-api/internal/handlers/todos.go:282.16,283.37 1 2
todolist-api/internal/handlers/todos.go:283.37,289.4 2 1
todolist-api/internal/handlers/todos.go:290.3,290.37 1 1
todolist-api/internal/handlers/todos.go:290.37,296.4 2 1
todolist-api/internal/handlers/todos.go:297.3,301.9 2 0
todolist-api/internal/handlers/todos.go:304.2,304.32 1 1
